<?xml version="1.0" encoding="UTF-8" ?>
<testsuite tests="4" failures="0" name="at.fhj.iit.StringQueueTest" time="0.635" errors="0" skipped="0">
  <properties>
[...]
</properties>
  <testcase classname="at.fhj.iit.StringQueueTest" name="simple" time="0.63"/>
  <testcase classname="at.fhj.iit.StringQueueTest" name="size" time="0.001"/>
  <testcase classname="at.fhj.iit.StringQueueTest" name="nullTests" time="0.003"/>
  <testcase classname="at.fhj.iit.StringQueueTest" name="noSuchElement" time="0.001"/>
</testsuite>